<?xml version="1.0" encoding="UTF-8"?>
<!-- Generated by org.testng.reporters.JUnitReportReporter -->
<testsuite skipped="0" hostname="DESKTOP-0R3UMGV" name="com.training.testcases.ContactsTabTest" tests="7" failures="0" timestamp="2023-05-04T09:49:57 PDT" time="131.026" errors="0">
  <testcase name="saveNewBtnChkTC32" time="22.109" classname="com.training.testcases.ContactsTabTest"/>
  <system-out/>
  <testcase name="recentlyCreatedTC27" time="15.209" classname="com.training.testcases.ContactsTabTest"/>
  <system-out/>
  <testcase name="myContactsPageTC28" time="16.214" classname="com.training.testcases.ContactsTabTest"/>
  <system-out/>
  <testcase name="contactTC29" time="22.571" classname="com.training.testcases.ContactsTabTest"/>
  <system-out/>
  <testcase name="createNewContactTC25" time="17.153" classname="com.training.testcases.ContactsTabTest"/>
  <system-out/>
  <testcase name="errMsgChkTC30" time="21.524" classname="com.training.testcases.ContactsTabTest"/>
  <system-out/>
  <testcase name="createNewViewTC26" time="16.246" classname="com.training.testcases.ContactsTabTest"/>
  <system-out/>
</testsuite> <!-- com.training.testcases.ContactsTabTest -->
