<?xml version="1.0" encoding="UTF-8"?>
<!-- Generated by org.testng.reporters.JUnitReportReporter -->
<testsuite hostname="DESKTOP-0R3UMGV" failures="0" tests="5" name="com.training.testcases.LeadsTabTest" time="110.314" errors="0" timestamp="2023-04-09T22:52:38 PDT" skipped="0">
  <testcase classname="com.training.testcases.LeadsTabTest" name="todaysLeadsViewTC23" time="14.664"/>
  <system-out/>
  <testcase classname="com.training.testcases.LeadsTabTest" name="leadsSelectViewTC21" time="36.300"/>
  <system-out/>
  <testcase classname="com.training.testcases.LeadsTabTest" name="createNewLeadTC24" time="22.467"/>
  <system-out/>
  <testcase classname="com.training.testcases.LeadsTabTest" name="leadsTabTC20" time="13.614"/>
  <system-out/>
  <testcase classname="com.training.testcases.LeadsTabTest" name="defaultViewLeadsTabTC22" time="23.269"/>
  <system-out/>
</testsuite> <!-- com.training.testcases.LeadsTabTest -->
