<?xml version="1.0" encoding="UTF-8"?>
<!-- Generated by org.testng.reporters.JUnitReportReporter -->
<testsuite hostname="DESKTOP-0R3UMGV" failures="0" tests="4" name="com.training.testcases.OppotunityTabTest" time="60.256" errors="0" timestamp="2023-04-09T22:52:38 PDT" skipped="0">
  <testcase classname="com.training.testcases.OppotunityTabTest" name="stuckPileLinkTC18" time="15.040"/>
  <system-out/>
  <testcase classname="com.training.testcases.OppotunityTabTest" name="testSumReportTC19" time="17.324"/>
  <system-out/>
  <testcase classname="com.training.testcases.OppotunityTabTest" name="oppPileLinkTC17" time="14.450"/>
  <system-out/>
  <testcase classname="com.training.testcases.OppotunityTabTest" name="OppDropDownTC15" time="13.442"/>
  <system-out/>
</testsuite> <!-- com.training.testcases.OppotunityTabTest -->
