<?xml version="1.0" encoding="UTF-8"?>
<!-- Generated by org.testng.reporters.JUnitReportReporter -->
<testsuite hostname="DESKTOP-0R3UMGV" failures="0" tests="1" name="com.training.testcases.RandomScenariosTest" time="23.105" errors="0" timestamp="2023-04-03T09:51:21 PDT" skipped="0">
  <testcase classname="com.training.testcases.RandomScenariosTest" name="firstLastNameChkTC33" time="23.105"/>
  <system-out/>
</testsuite> <!-- com.training.testcases.RandomScenariosTest -->
