<?xml version="1.0" encoding="UTF-8"?>
<!-- Generated by org.testng.reporters.JUnitReportReporter -->
<testsuite hostname="DESKTOP-0R3UMGV" failures="0" tests="1" name="com.training.testcases.LoginTest" time="15.596" errors="0" timestamp="2023-04-12T16:41:24 PDT" skipped="0">
  <testcase classname="com.training.testcases.LoginTest" name="loginTC01" time="15.596"/>
  <system-out/>
</testsuite> <!-- com.training.testcases.LoginTest -->
