<?xml version="1.0" encoding="UTF-8"?>
<!-- Generated by org.testng.reporters.JUnitReportReporter -->
<testsuite skipped="0" hostname="DESKTOP-0R3UMGV" name="com.training.testcases.LoginTest" tests="6" failures="0" timestamp="2023-05-11T12:10:14 PDT" time="57.697" errors="0">
  <testcase name="userNameTabTC03" time="10.885" classname="com.training.testcases.LoginTest"/>
  <system-out/>
  <testcase name="forgotPwdTC04a" time="5.238" classname="com.training.testcases.LoginTest"/>
  <system-out/>
  <testcase name="incorrectUsernamePwdTC04b" time="4.639" classname="com.training.testcases.LoginTest"/>
  <system-out/>
  <testcase name="UserNameDropDownTC05" time="11.016" classname="com.training.testcases.LoginTest"/>
  <system-out/>
  <testcase name="incorrectLoginTC02" time="11.183" classname="com.training.testcases.LoginTest"/>
  <system-out/>
  <testcase name="loginTC01" time="14.736" classname="com.training.testcases.LoginTest"/>
  <system-out/>
</testsuite> <!-- com.training.testcases.LoginTest -->
